<?xml version="1.0" encoding="UTF-8"?>
<!-- Generated by org.testng.reporters.JUnitReportReporter -->
<testsuite hostname="INH-LT138" failures="0" tests="2" name="cloud.tests.GL.CreatingAndPostingAStandardJournalITC_Test" time="52.478" errors="1" timestamp="03 Mar 2020 12:19:18 GMT" skipped="1">
  <testcase classname="cloud.tests.GL.CreatingAndPostingAStandardJournalITC_Test" name="start" time="52.478">
    <error message="unknown error: Chrome failed to start: exited normally.
  (unknown error: DevToolsActivePort file doesn&#039;t exist)
  (The process started from chrome location C:\Program Files (x86)\Google\Chrome\Application\chrome.exe is no longer running, so ChromeDriver is assuming that Chrome has crashed.)
Build info: version: &#039;3.141.59&#039;, revision: &#039;e82be7d358&#039;, time: &#039;2018-11-14T08:17:03&#039;
System info: host: &#039;INH-LT138&#039;, ip: &#039;172.16.30.73&#039;, os.name: &#039;Windows 7&#039;, os.arch: &#039;amd64&#039;, os.version: &#039;6.1&#039;, java.version: &#039;11.0.5&#039;
Driver info: driver.version: ChromeDriver
remote stacktrace: Backtrace:
	Ordinal0 [0x010A0C83+1707139]
	Ordinal0 [0x010068F1+1075441]
	Ordinal0 [0x00F7DFC9+516041]
	Ordinal0 [0x00F0D373+54131]
	Ordinal0 [0x00F2BFD7+180183]
	Ordinal0 [0x00F2BDDD+179677]
	Ordinal0 [0x00F29D4B+171339]
	Ordinal0 [0x00F11D4A+73034]
	Ordinal0 [0x00F12DC0+77248]
	Ordinal0 [0x00F12D59+77145]
	Ordinal0 [0x0101BB67+1162087]
	GetHandleVerifier [0x0113A966+508998]
	GetHandleVerifier [0x0113A6A4+508292]
	GetHandleVerifier [0x0114F7B7+594583]
	GetHandleVerifier [0x0113B1D6+511158]
	Ordinal0 [0x0101402C+1130540]
	Ordinal0 [0x0101D4CB+1168587]
	Ordinal0 [0x0101D633+1168947]
	Ordinal0 [0x01035B35+1268533]
	BaseThreadInitThunk [0x76F2343D+18]
	RtlInitializeExceptionChain [0x77749812+99]
	RtlInitializeExceptionChain [0x777497E5+54]
" type="org.openqa.selenium.WebDriverException">
      <![CDATA[org.openqa.selenium.WebDriverException: unknown error: Chrome failed to start: exited normally.
  (unknown error: DevToolsActivePort file doesn't exist)
  (The process started from chrome location C:\Program Files (x86)\Google\Chrome\Application\chrome.exe is no longer running, so ChromeDriver is assuming that Chrome has crashed.)
Build info: version: '3.141.59', revision: 'e82be7d358', time: '2018-11-14T08:17:03'
System info: host: 'INH-LT138', ip: '172.16.30.73', os.name: 'Windows 7', os.arch: 'amd64', os.version: '6.1', java.version: '11.0.5'
Driver info: driver.version: ChromeDriver
remote stacktrace: Backtrace:
Ordinal0 [0x010A0C83+1707139]
Ordinal0 [0x010068F1+1075441]
Ordinal0 [0x00F7DFC9+516041]
Ordinal0 [0x00F0D373+54131]
Ordinal0 [0x00F2BFD7+180183]
Ordinal0 [0x00F2BDDD+179677]
Ordinal0 [0x00F29D4B+171339]
Ordinal0 [0x00F11D4A+73034]
Ordinal0 [0x00F12DC0+77248]
Ordinal0 [0x00F12D59+77145]
Ordinal0 [0x0101BB67+1162087]
GetHandleVerifier [0x0113A966+508998]
GetHandleVerifier [0x0113A6A4+508292]
GetHandleVerifier [0x0114F7B7+594583]
GetHandleVerifier [0x0113B1D6+511158]
Ordinal0 [0x0101402C+1130540]
Ordinal0 [0x0101D4CB+1168587]
Ordinal0 [0x0101D633+1168947]
Ordinal0 [0x01035B35+1268533]
BaseThreadInitThunk [0x76F2343D+18]
RtlInitializeExceptionChain [0x77749812+99]
RtlInitializeExceptionChain [0x777497E5+54]

at java.base/jdk.internal.reflect.NativeConstructorAccessorImpl.newInstance0(Native Method)
at java.base/jdk.internal.reflect.NativeConstructorAccessorImpl.newInstance(NativeConstructorAccessorImpl.java:62)
at java.base/jdk.internal.reflect.DelegatingConstructorAccessorImpl.newInstance(DelegatingConstructorAccessorImpl.java:45)
at java.base/java.lang.reflect.Constructor.newInstance(Constructor.java:490)
at org.openqa.selenium.remote.W3CHandshakeResponse.lambda$errorHandler$0(W3CHandshakeResponse.java:62)
at org.openqa.selenium.remote.HandshakeResponse.lambda$getResponseFunction$0(HandshakeResponse.java:30)
at org.openqa.selenium.remote.ProtocolHandshake.lambda$createSession$0(ProtocolHandshake.java:126)
at java.base/java.util.stream.ReferencePipeline$3$1.accept(ReferencePipeline.java:195)
at java.base/java.util.Spliterators$ArraySpliterator.tryAdvance(Spliterators.java:958)
at java.base/java.util.stream.ReferencePipeline.forEachWithCancel(ReferencePipeline.java:127)
at java.base/java.util.stream.AbstractPipeline.copyIntoWithCancel(AbstractPipeline.java:502)
at java.base/java.util.stream.AbstractPipeline.copyInto(AbstractPipeline.java:488)
at java.base/java.util.stream.AbstractPipeline.wrapAndCopyInto(AbstractPipeline.java:474)
at java.base/java.util.stream.FindOps$FindOp.evaluateSequential(FindOps.java:150)
at java.base/java.util.stream.AbstractPipeline.evaluate(AbstractPipeline.java:234)
at java.base/java.util.stream.ReferencePipeline.findFirst(ReferencePipeline.java:543)
at org.openqa.selenium.remote.ProtocolHandshake.createSession(ProtocolHandshake.java:128)
at org.openqa.selenium.remote.ProtocolHandshake.createSession(ProtocolHandshake.java:74)
at org.openqa.selenium.remote.HttpCommandExecutor.execute(HttpCommandExecutor.java:136)
at org.openqa.selenium.remote.service.DriverCommandExecutor.execute(DriverCommandExecutor.java:83)
at org.openqa.selenium.remote.RemoteWebDriver.execute(RemoteWebDriver.java:552)
at org.openqa.selenium.remote.RemoteWebDriver.startSession(RemoteWebDriver.java:213)
at org.openqa.selenium.remote.RemoteWebDriver.<init>(RemoteWebDriver.java:131)
at org.openqa.selenium.chrome.ChromeDriver.<init>(ChromeDriver.java:181)
at org.openqa.selenium.chrome.ChromeDriver.<init>(ChromeDriver.java:168)
at org.openqa.selenium.chrome.ChromeDriver.<init>(ChromeDriver.java:123)
at itc.framework.Framework.initBrowser(Framework.java:108)
at itc.framework.Framework.startUp(Framework.java:71)
at cloud.tests.GL.CreatingAndPostingAStandardJournalITC_Test.start(CreatingAndPostingAStandardJournalITC_Test.java:17)
at java.base/jdk.internal.reflect.NativeMethodAccessorImpl.invoke0(Native Method)
at java.base/jdk.internal.reflect.NativeMethodAccessorImpl.invoke(NativeMethodAccessorImpl.java:62)
at java.base/jdk.internal.reflect.DelegatingMethodAccessorImpl.invoke(DelegatingMethodAccessorImpl.java:43)
at java.base/java.lang.reflect.Method.invoke(Method.java:566)
at org.testng.internal.MethodInvocationHelper.invokeMethod(MethodInvocationHelper.java:124)
at org.testng.internal.MethodInvocationHelper.invokeMethodConsideringTimeout(MethodInvocationHelper.java:59)
at org.testng.internal.Invoker.invokeConfigurationMethod(Invoker.java:458)
at org.testng.internal.Invoker.invokeConfigurations(Invoker.java:222)
at org.testng.internal.Invoker.invokeConfigurations(Invoker.java:142)
at org.testng.TestRunner.beforeRun(TestRunner.java:529)
at org.testng.TestRunner.run(TestRunner.java:497)
at org.testng.SuiteRunner.runTest(SuiteRunner.java:455)
at org.testng.SuiteRunner.runSequentially(SuiteRunner.java:450)
at org.testng.SuiteRunner.privateRun(SuiteRunner.java:415)
at org.testng.SuiteRunner.run(SuiteRunner.java:364)
at org.testng.SuiteRunnerWorker.runSuite(SuiteRunnerWorker.java:52)
at org.testng.SuiteRunnerWorker.run(SuiteRunnerWorker.java:84)
at org.testng.TestNG.runSuitesSequentially(TestNG.java:1208)
at org.testng.TestNG.runSuitesLocally(TestNG.java:1137)
at org.testng.TestNG.runSuites(TestNG.java:1049)
at org.testng.TestNG.run(TestNG.java:1017)
at org.testng.remote.AbstractRemoteTestNG.run(AbstractRemoteTestNG.java:115)
at org.testng.remote.RemoteTestNG.initAndRun(RemoteTestNG.java:251)
at org.testng.remote.RemoteTestNG.main(RemoteTestNG.java:77)
]]>
    </error>
  </testcase> <!-- start -->
  <testcase classname="cloud.tests.GL.CreatingAndPostingAStandardJournalITC_Test" name="executeTest" time="0.000">
    <skipped/>
  </testcase> <!-- executeTest -->
</testsuite> <!-- cloud.tests.GL.CreatingAndPostingAStandardJournalITC_Test -->
