<?xml version="1.0" encoding="UTF-8"?>
<!-- Generated by org.testng.reporters.JUnitReportReporter -->
<testsuite skipped="0" hostname="INH-LT138" name="cloud.tests.FA.AddingSourceLinesToAnAssetITC_Test" tests="2" failures="0" timestamp="23 Jan 2020 12:02:11 GMT" time="12.588" errors="2">
  <testcase name="start" time="12.588" classname="cloud.tests.FA.AddingSourceLinesToAnAssetITC_Test">
    <error type="org.openqa.selenium.SessionNotCreatedException" message="session not created
from disconnected: received Inspector.detached event
  (Session info: chrome=79.0.3945.117)
Build info: version: &#039;3.141.59&#039;, revision: &#039;e82be7d358&#039;, time: &#039;2018-11-14T08:17:03&#039;
System info: host: &#039;INH-LT138&#039;, ip: &#039;172.16.30.73&#039;, os.name: &#039;Windows 7&#039;, os.arch: &#039;x86&#039;, os.version: &#039;6.1&#039;, java.version: &#039;1.8.0_71&#039;
Driver info: driver.version: ChromeDriver
remote stacktrace: Backtrace:
	Ordinal0 [0x012FA113+1548563]
	Ordinal0 [0x0127DDA1+1039777]
	Ordinal0 [0x011FE485+517253]
	Ordinal0 [0x011F70CB+487627]
	Ordinal0 [0x011F6CE9+486633]
	Ordinal0 [0x011F65E8+484840]
	Ordinal0 [0x011F5D33+482611]
	Ordinal0 [0x011F5E75+482933]
	Ordinal0 [0x011F59B5+481717]
	Ordinal0 [0x011FD1E5+512485]
	Ordinal0 [0x011F5968+481640]
	Ordinal0 [0x011F628B+483979]
	Ordinal0 [0x011F5D33+482611]
	Ordinal0 [0x011F5E75+482933]
	Ordinal0 [0x011F59B5+481717]
	Ordinal0 [0x011FBB0E+506638]
	Ordinal0 [0x011F5968+481640]
	Ordinal0 [0x011F628B+483979]
	Ordinal0 [0x011F5D33+482611]
	Ordinal0 [0x011F5E75+482933]
	Ordinal0 [0x011F59B5+481717]
	Ordinal0 [0x011FA37C+500604]
	Ordinal0 [0x011F5968+481640]
	Ordinal0 [0x011F628B+483979]
	Ordinal0 [0x011F5D33+482611]
	Ordinal0 [0x011F5E75+482933]
	Ordinal0 [0x011F59B5+481717]
	Ordinal0 [0x011F9A17+498199]
	Ordinal0 [0x011F5968+481640]
	Ordinal0 [0x011F628B+483979]
	Ordinal0 [0x011F5D33+482611]
	Ordinal0 [0x011F5E75+482933]
	Ordinal0 [0x011F59B5+481717]
	Ordinal0 [0x011F256C+468332]
	Ordinal0 [0x011F5968+481640]
	Ordinal0 [0x011F5844+481348]
	Ordinal0 [0x011FF0D0+520400]
	Ordinal0 [0x011AC030+180272]
	Ordinal0 [0x011AB59D+177565]
	Ordinal0 [0x011A95FB+169467]
	Ordinal0 [0x0119160A+71178]
	Ordinal0 [0x01192690+75408]
	Ordinal0 [0x01192629+75305]
	Ordinal0 [0x012971B7+1143223]
	GetHandleVerifier [0x01392B46+507814]
	GetHandleVerifier [0x01392864+507076]
	GetHandleVerifier [0x01399F47+537511]
	GetHandleVerifier [0x01393402+510050]
	Ordinal0 [0x0128F29C+1110684]
	Ordinal0 [0x0129938B+1151883]
	Ordinal0 [0x012994F3+1152243]
	Ordinal0 [0x012983F5+1147893]
	BaseThreadInitThunk [0x752C343D+18]
	RtlInitializeExceptionChain [0x77B59812+99]
	RtlInitializeExceptionChain [0x77B597E5+54]
">
      <![CDATA[org.openqa.selenium.SessionNotCreatedException: session not created
from disconnected: received Inspector.detached event
  (Session info: chrome=79.0.3945.117)
Build info: version: '3.141.59', revision: 'e82be7d358', time: '2018-11-14T08:17:03'
System info: host: 'INH-LT138', ip: '172.16.30.73', os.name: 'Windows 7', os.arch: 'x86', os.version: '6.1', java.version: '1.8.0_71'
Driver info: driver.version: ChromeDriver
remote stacktrace: Backtrace:
Ordinal0 [0x012FA113+1548563]
Ordinal0 [0x0127DDA1+1039777]
Ordinal0 [0x011FE485+517253]
Ordinal0 [0x011F70CB+487627]
Ordinal0 [0x011F6CE9+486633]
Ordinal0 [0x011F65E8+484840]
Ordinal0 [0x011F5D33+482611]
Ordinal0 [0x011F5E75+482933]
Ordinal0 [0x011F59B5+481717]
Ordinal0 [0x011FD1E5+512485]
Ordinal0 [0x011F5968+481640]
Ordinal0 [0x011F628B+483979]
Ordinal0 [0x011F5D33+482611]
Ordinal0 [0x011F5E75+482933]
Ordinal0 [0x011F59B5+481717]
Ordinal0 [0x011FBB0E+506638]
Ordinal0 [0x011F5968+481640]
Ordinal0 [0x011F628B+483979]
Ordinal0 [0x011F5D33+482611]
Ordinal0 [0x011F5E75+482933]
Ordinal0 [0x011F59B5+481717]
Ordinal0 [0x011FA37C+500604]
Ordinal0 [0x011F5968+481640]
Ordinal0 [0x011F628B+483979]
Ordinal0 [0x011F5D33+482611]
Ordinal0 [0x011F5E75+482933]
Ordinal0 [0x011F59B5+481717]
Ordinal0 [0x011F9A17+498199]
Ordinal0 [0x011F5968+481640]
Ordinal0 [0x011F628B+483979]
Ordinal0 [0x011F5D33+482611]
Ordinal0 [0x011F5E75+482933]
Ordinal0 [0x011F59B5+481717]
Ordinal0 [0x011F256C+468332]
Ordinal0 [0x011F5968+481640]
Ordinal0 [0x011F5844+481348]
Ordinal0 [0x011FF0D0+520400]
Ordinal0 [0x011AC030+180272]
Ordinal0 [0x011AB59D+177565]
Ordinal0 [0x011A95FB+169467]
Ordinal0 [0x0119160A+71178]
Ordinal0 [0x01192690+75408]
Ordinal0 [0x01192629+75305]
Ordinal0 [0x012971B7+1143223]
GetHandleVerifier [0x01392B46+507814]
GetHandleVerifier [0x01392864+507076]
GetHandleVerifier [0x01399F47+537511]
GetHandleVerifier [0x01393402+510050]
Ordinal0 [0x0128F29C+1110684]
Ordinal0 [0x0129938B+1151883]
Ordinal0 [0x012994F3+1152243]
Ordinal0 [0x012983F5+1147893]
BaseThreadInitThunk [0x752C343D+18]
RtlInitializeExceptionChain [0x77B59812+99]
RtlInitializeExceptionChain [0x77B597E5+54]

at sun.reflect.NativeConstructorAccessorImpl.newInstance0(Native Method)
at sun.reflect.NativeConstructorAccessorImpl.newInstance(Unknown Source)
at sun.reflect.DelegatingConstructorAccessorImpl.newInstance(Unknown Source)
at java.lang.reflect.Constructor.newInstance(Unknown Source)
at org.openqa.selenium.remote.W3CHandshakeResponse.lambda$errorHandler$0(W3CHandshakeResponse.java:62)
at org.openqa.selenium.remote.HandshakeResponse.lambda$getResponseFunction$0(HandshakeResponse.java:30)
at org.openqa.selenium.remote.ProtocolHandshake.lambda$createSession$0(ProtocolHandshake.java:126)
at java.util.stream.ReferencePipeline$3$1.accept(Unknown Source)
at java.util.Spliterators$ArraySpliterator.tryAdvance(Unknown Source)
at java.util.stream.ReferencePipeline.forEachWithCancel(Unknown Source)
at java.util.stream.AbstractPipeline.copyIntoWithCancel(Unknown Source)
at java.util.stream.AbstractPipeline.copyInto(Unknown Source)
at java.util.stream.AbstractPipeline.wrapAndCopyInto(Unknown Source)
at java.util.stream.FindOps$FindOp.evaluateSequential(Unknown Source)
at java.util.stream.AbstractPipeline.evaluate(Unknown Source)
at java.util.stream.ReferencePipeline.findFirst(Unknown Source)
at org.openqa.selenium.remote.ProtocolHandshake.createSession(ProtocolHandshake.java:128)
at org.openqa.selenium.remote.ProtocolHandshake.createSession(ProtocolHandshake.java:74)
at org.openqa.selenium.remote.HttpCommandExecutor.execute(HttpCommandExecutor.java:136)
at org.openqa.selenium.remote.service.DriverCommandExecutor.execute(DriverCommandExecutor.java:83)
at org.openqa.selenium.remote.RemoteWebDriver.execute(RemoteWebDriver.java:552)
at org.openqa.selenium.remote.RemoteWebDriver.startSession(RemoteWebDriver.java:213)
at org.openqa.selenium.remote.RemoteWebDriver.<init>(RemoteWebDriver.java:131)
at org.openqa.selenium.chrome.ChromeDriver.<init>(ChromeDriver.java:181)
at org.openqa.selenium.chrome.ChromeDriver.<init>(ChromeDriver.java:168)
at org.openqa.selenium.chrome.ChromeDriver.<init>(ChromeDriver.java:123)
at itc.framework.Framework.initBrowser(Framework.java:108)
at itc.framework.Framework.startUp(Framework.java:71)
at cloud.tests.FA.AddingSourceLinesToAnAssetITC_Test.start(AddingSourceLinesToAnAssetITC_Test.java:16)
at sun.reflect.NativeMethodAccessorImpl.invoke0(Native Method)
at sun.reflect.NativeMethodAccessorImpl.invoke(Unknown Source)
at sun.reflect.DelegatingMethodAccessorImpl.invoke(Unknown Source)
at java.lang.reflect.Method.invoke(Unknown Source)
at org.testng.internal.MethodInvocationHelper.invokeMethod(MethodInvocationHelper.java:124)
at org.testng.internal.MethodInvocationHelper.invokeMethodConsideringTimeout(MethodInvocationHelper.java:59)
at org.testng.internal.Invoker.invokeConfigurationMethod(Invoker.java:458)
at org.testng.internal.Invoker.invokeConfigurations(Invoker.java:222)
at org.testng.internal.Invoker.invokeConfigurations(Invoker.java:142)
at org.testng.TestRunner.beforeRun(TestRunner.java:529)
at org.testng.TestRunner.run(TestRunner.java:497)
at org.testng.SuiteRunner.runTest(SuiteRunner.java:455)
at org.testng.SuiteRunner.runSequentially(SuiteRunner.java:450)
at org.testng.SuiteRunner.privateRun(SuiteRunner.java:415)
at org.testng.SuiteRunner.run(SuiteRunner.java:364)
at org.testng.SuiteRunnerWorker.runSuite(SuiteRunnerWorker.java:52)
at org.testng.SuiteRunnerWorker.run(SuiteRunnerWorker.java:84)
at org.testng.TestNG.runSuitesSequentially(TestNG.java:1208)
at org.testng.TestNG.runSuitesLocally(TestNG.java:1137)
at org.testng.TestNG.runSuites(TestNG.java:1049)
at org.testng.TestNG.run(TestNG.java:1017)
at org.testng.remote.AbstractRemoteTestNG.run(AbstractRemoteTestNG.java:115)
at org.testng.remote.RemoteTestNG.initAndRun(RemoteTestNG.java:251)
at org.testng.remote.RemoteTestNG.main(RemoteTestNG.java:77)
]]>
    </error>
  </testcase> <!-- start -->
  <testcase name="executeTest" time="0.000" classname="cloud.tests.FA.AddingSourceLinesToAnAssetITC_Test">
    <error type="org.testng.TestNGException" message="
Parameter &#039;dataFile&#039; is required by @Test on method executeTest but has not been marked @Optional or defined
in C:\Users\sdasari\AppData\Local\Temp\testng-eclipse-716898472\testng-customsuite.xml">
      <![CDATA[org.testng.TestNGException: 
Parameter 'dataFile' is required by @Test on method executeTest but has not been marked @Optional or defined
in C:\Users\sdasari\AppData\Local\Temp\testng-eclipse-716898472\testng-customsuite.xml
at org.testng.internal.Parameters.createParams(Parameters.java:290)
at org.testng.internal.Parameters.createParametersForMethod(Parameters.java:359)
at org.testng.internal.Parameters.createParameters(Parameters.java:620)
at org.testng.internal.Parameters.handleParameters(Parameters.java:769)
at org.testng.internal.ParameterHandler.handleParameters(ParameterHandler.java:49)
at org.testng.internal.ParameterHandler.createParameters(ParameterHandler.java:37)
at org.testng.internal.Invoker.invokeTestMethods(Invoker.java:924)
at org.testng.internal.TestMethodWorker.invokeTestMethods(TestMethodWorker.java:125)
at org.testng.internal.TestMethodWorker.run(TestMethodWorker.java:109)
at org.testng.TestRunner.privateRun(TestRunner.java:648)
at org.testng.TestRunner.run(TestRunner.java:505)
at org.testng.SuiteRunner.runTest(SuiteRunner.java:455)
at org.testng.SuiteRunner.runSequentially(SuiteRunner.java:450)
at org.testng.SuiteRunner.privateRun(SuiteRunner.java:415)
at org.testng.SuiteRunner.run(SuiteRunner.java:364)
at org.testng.SuiteRunnerWorker.runSuite(SuiteRunnerWorker.java:52)
at org.testng.SuiteRunnerWorker.run(SuiteRunnerWorker.java:84)
at org.testng.TestNG.runSuitesSequentially(TestNG.java:1208)
at org.testng.TestNG.runSuitesLocally(TestNG.java:1137)
at org.testng.TestNG.runSuites(TestNG.java:1049)
at org.testng.TestNG.run(TestNG.java:1017)
at org.testng.remote.AbstractRemoteTestNG.run(AbstractRemoteTestNG.java:115)
at org.testng.remote.RemoteTestNG.initAndRun(RemoteTestNG.java:251)
at org.testng.remote.RemoteTestNG.main(RemoteTestNG.java:77)
]]>
    </error>
  </testcase> <!-- executeTest -->
</testsuite> <!-- cloud.tests.FA.AddingSourceLinesToAnAssetITC_Test -->
